c:\users\60303\source\repos\day05\day05\debug\vc142.pdb
c:\users\60303\source\repos\day05\day05\debug\vc142.idb
c:\users\60303\source\repos\day05\day05\debug\array2d.obj
c:\users\60303\source\repos\day05\day05\debug\char2d.obj
c:\users\60303\source\repos\day05\day05\debug\score2d.obj
c:\users\60303\source\repos\day05\day05\debug\rand_ex.obj
c:\users\60303\source\repos\day05\day05\debug\math_ex.obj
c:\devc\day05\day05\debug\vc142.pdb
c:\devc\day05\day05\debug\vc142.idb
c:\devc\day05\day05\debug\stack_func.obj
c:\devc\day05\day05\debug\pointer1.obj
c:\devc\day05\day05\debug\intpoint.obj
c:\devc\day05\day05\debug\char_pointer.obj
c:\devc\day05\day05\debug\callbyref.obj
c:\devc\day05\day05\debug\array_pointer.obj
c:\devc\day05\day05\debug\medalcolor.obj
c:\users\60303\source\repos\day05\day05\debug\day05.ilk
c:\users\60303\source\repos\day05\debug\day05.exe
c:\users\60303\source\repos\day05\debug\day05.pdb
c:\devc\day05\debug\day05.exe
c:\devc\day05\day05\debug\day05.ilk
c:\devc\day05\debug\day05.pdb
c:\devc\day05\day05\debug\array2d.obj
c:\devc\day05\day05\debug\char2d.obj
c:\devc\day05\day05\debug\math_ex.obj
c:\devc\day05\day05\debug\rand_ex.obj
c:\devc\day05\day05\debug\score2d.obj
c:\devc\day05\day05\debug\medalcolor.obj.enc
c:\devc\day05\day05\debug\day05.tlog\cl.command.1.tlog
c:\devc\day05\day05\debug\day05.tlog\cl.read.1.tlog
c:\devc\day05\day05\debug\day05.tlog\cl.write.1.tlog
c:\devc\day05\day05\debug\day05.tlog\link.command.1.tlog
c:\devc\day05\day05\debug\day05.tlog\link.read.1.tlog
c:\devc\day05\day05\debug\day05.tlog\link.write.1.tlog
