c:\devc\day04\day04\debug\vc142.pdb
c:\devc\day04\day04\debug\vc142.idb
c:\devc\day04\day04\debug\arraycopy.obj
c:\devc\day04\day04\debug\array3.obj
c:\devc\day04\day04\debug\fuction1.obj
c:\devc\day04\day04\debug\fuction_return.obj
c:\devc\day04\day04\debug\math_ex.obj
c:\devc\day04\day04\debug\time_ex.obj
c:\devc\day04\debug\day04.pdb
c:\devc\day04\day04\debug\day04.tlog\cl.command.1.tlog
c:\devc\day04\day04\debug\day04.tlog\cl.read.1.tlog
c:\devc\day04\day04\debug\day04.tlog\cl.write.1.tlog
c:\devc\day04\day04\debug\day04.tlog\link-cvtres.read.1.tlog
c:\devc\day04\day04\debug\day04.tlog\link-cvtres.write.1.tlog
c:\devc\day04\day04\debug\day04.tlog\link-rc.read.1.tlog
c:\devc\day04\day04\debug\day04.tlog\link-rc.write.1.tlog
c:\devc\day04\day04\debug\day04.tlog\link.4060-cvtres.read.1.tlog
c:\devc\day04\day04\debug\day04.tlog\link.4060-cvtres.write.1.tlog
c:\devc\day04\day04\debug\day04.tlog\link.4060-rc.read.1.tlog
c:\devc\day04\day04\debug\day04.tlog\link.4060-rc.write.1.tlog
c:\devc\day04\day04\debug\day04.tlog\link.4060.read.1.tlog
c:\devc\day04\day04\debug\day04.tlog\link.4060.write.1.tlog
c:\devc\day04\day04\debug\day04.tlog\link.command.1.tlog
c:\devc\day04\day04\debug\day04.tlog\link.read.1.tlog
c:\devc\day04\day04\debug\day04.tlog\link.write.1.tlog
